DBD::mysql::db do failed: Can't drop database 'test1'; database doesn't exist at ./hmgr.pl line 55.
02:33:19 27-11-2016: WRN: Can't drop database test1
02:33:19 27-11-2016: End
02:33:47 27-11-2016: Start
DBD::mysql::db do failed: Can't drop database 'test1'; database doesn't exist at ./hmgr.pl line 55.
02:33:47 27-11-2016: WRN: Can't drop database test1
02:33:47 27-11-2016: End
02:33:48 27-11-2016: Start
DBD::mysql::db do failed: Can't drop database 'test1'; database doesn't exist at ./hmgr.pl line 55.
02:33:48 27-11-2016: WRN: Can't drop database test1
02:33:48 27-11-2016: End
02:33:49 27-11-2016: Start
DBD::mysql::db do failed: Can't drop database 'test1'; database doesn't exist at ./hmgr.pl line 55.
02:33:49 27-11-2016: WRN: Can't drop database test1
02:33:49 27-11-2016: End
03:25:32 27-11-2016: Start
DBD::mysql::db do failed: Can't drop database 'test1'; database doesn't exist at ./hmgr.pl line 64.
03:25:32 27-11-2016: WRN: Can't drop database test1
Use of uninitialized value $cdbusers[0] in concatenation (.) or string at ./hmgr.pl line 67.
DBD::mysql::db do failed: You have an error in your SQL syntax; check the manual that corresponds to your MySQL server version for the right syntax to use near '' identified by Epiopr0SoC6Laf' at line 1 at ./hmgr.pl line 67.
Use of uninitialized value $cdbusers[0] in concatenation (.) or string at ./hmgr.pl line 67.
03:25:32 27-11-2016: WRN: Can't create user 
03:25:32 27-11-2016: End
03:25:34 27-11-2016: Start
DBD::mysql::db do failed: Can't drop database 'test1'; database doesn't exist at ./hmgr.pl line 64.
03:25:34 27-11-2016: WRN: Can't drop database test1
Use of uninitialized value $cdbusers[0] in concatenation (.) or string at ./hmgr.pl line 67.
DBD::mysql::db do failed: You have an error in your SQL syntax; check the manual that corresponds to your MySQL server version for the right syntax to use near '' identified by 5OaEjPstDfMA7F' at line 1 at ./hmgr.pl line 67.
Use of uninitialized value $cdbusers[0] in concatenation (.) or string at ./hmgr.pl line 67.
03:25:34 27-11-2016: WRN: Can't create user 
03:25:34 27-11-2016: End
03:25:35 27-11-2016: Start
DBD::mysql::db do failed: Can't drop database 'test1'; database doesn't exist at ./hmgr.pl line 64.
03:25:35 27-11-2016: WRN: Can't drop database test1
Use of uninitialized value $cdbusers[0] in concatenation (.) or string at ./hmgr.pl line 67.
DBD::mysql::db do failed: You have an error in your SQL syntax; check the manual that corresponds to your MySQL server version for the right syntax to use near '' identified by ut1SsBmbEoOfQa' at line 1 at ./hmgr.pl line 67.
Use of uninitialized value $cdbusers[0] in concatenation (.) or string at ./hmgr.pl line 67.
03:25:35 27-11-2016: WRN: Can't create user 
03:25:35 27-11-2016: End
03:25:36 27-11-2016: Start
DBD::mysql::db do failed: Can't drop database 'test1'; database doesn't exist at ./hmgr.pl line 64.
03:25:36 27-11-2016: WRN: Can't drop database test1
Use of uninitialized value $cdbusers[0] in concatenation (.) or string at ./hmgr.pl line 67.
DBD::mysql::db do failed: You have an error in your SQL syntax; check the manual that corresponds to your MySQL server version for the right syntax to use near '' identified by flK3kXlibgF6xW' at line 1 at ./hmgr.pl line 67.
Use of uninitialized value $cdbusers[0] in concatenation (.) or string at ./hmgr.pl line 67.
03:25:36 27-11-2016: WRN: Can't create user 
03:25:36 27-11-2016: End
03:25:36 27-11-2016: Start
DBD::mysql::db do failed: Can't drop database 'test1'; database doesn't exist at ./hmgr.pl line 64.
03:25:36 27-11-2016: WRN: Can't drop database test1
Use of uninitialized value $cdbusers[0] in concatenation (.) or string at ./hmgr.pl line 67.
DBD::mysql::db do failed: You have an error in your SQL syntax; check the manual that corresponds to your MySQL server version for the right syntax to use near '' identified by NEkPR3J9uyKs5X' at line 1 at ./hmgr.pl line 67.
Use of uninitialized value $cdbusers[0] in concatenation (.) or string at ./hmgr.pl line 67.
03:25:36 27-11-2016: WRN: Can't create user 
03:25:36 27-11-2016: End
03:26:05 27-11-2016: Start
DBD::mysql::db do failed: Can't drop database 'test1'; database doesn't exist at ./hmgr.pl line 64.
03:26:05 27-11-2016: WRN: Can't drop database test1
Use of uninitialized value $cdbusers[0] in concatenation (.) or string at ./hmgr.pl line 67.
DBD::mysql::db do failed: You have an error in your SQL syntax; check the manual that corresponds to your MySQL server version for the right syntax to use near '' identified by uZ1S2sfymaSc0e' at line 1 at ./hmgr.pl line 67.
Use of uninitialized value $cdbusers[0] in concatenation (.) or string at ./hmgr.pl line 67.
03:26:05 27-11-2016: WRN: Can't create user 
03:26:05 27-11-2016: End
03:28:38 27-11-2016: Start
Use of uninitialized value $cdbusers[0] in concatenation (.) or string at ./hmgr.pl line 67.
DBD::mysql::db do failed: You have an error in your SQL syntax; check the manual that corresponds to your MySQL server version for the right syntax to use near '' identified by VY3jUazF3XgP0m' at line 1 at ./hmgr.pl line 67.
Use of uninitialized value $cdbusers[0] in concatenation (.) or string at ./hmgr.pl line 67.
03:28:38 27-11-2016: WRN: Can't create user 
03:28:38 27-11-2016: End
03:29:19 27-11-2016: Start
DBD::mysql::db do failed: Can't create database 'test1'; database exists at ./hmgr.pl line 63.
03:29:19 27-11-2016: WRN: Can't create database test1
Use of uninitialized value $cdbusers[0] in concatenation (.) or string at ./hmgr.pl line 67.
DBD::mysql::db do failed: You have an error in your SQL syntax; check the manual that corresponds to your MySQL server version for the right syntax to use near '@'localhost' identified by e6QS1GTo7YOyMf' at line 1 at ./hmgr.pl line 67.
Use of uninitialized value $cdbusers[0] in concatenation (.) or string at ./hmgr.pl line 67.
03:29:19 27-11-2016: WRN: Can't create user 
03:29:19 27-11-2016: End
03:29:21 27-11-2016: Start
DBD::mysql::db do failed: Can't create database 'test1'; database exists at ./hmgr.pl line 63.
03:29:21 27-11-2016: WRN: Can't create database test1
Use of uninitialized value $cdbusers[0] in concatenation (.) or string at ./hmgr.pl line 67.
DBD::mysql::db do failed: You have an error in your SQL syntax; check the manual that corresponds to your MySQL server version for the right syntax to use near '@'localhost' identified by qrGuzlF7NVvZME' at line 1 at ./hmgr.pl line 67.
Use of uninitialized value $cdbusers[0] in concatenation (.) or string at ./hmgr.pl line 67.
03:29:21 27-11-2016: WRN: Can't create user 
03:29:21 27-11-2016: End
03:29:46 27-11-2016: Start
DBD::mysql::db do failed: Can't create database 'test1'; database exists at ./hmgr.pl line 63.
03:29:46 27-11-2016: WRN: Can't create database test1
Use of uninitialized value $cdbusers[0] in concatenation (.) or string at ./hmgr.pl line 67.
DBD::mysql::db do failed: You have an error in your SQL syntax; check the manual that corresponds to your MySQL server version for the right syntax to use near '@'localhost' identified by kxRBWRzi0m51o4' at line 1 at ./hmgr.pl line 67.
Use of uninitialized value $cdbusers[0] in concatenation (.) or string at ./hmgr.pl line 67.
03:29:46 27-11-2016: WRN: Can't create user 
03:29:46 27-11-2016: End
03:31:01 27-11-2016: Start
DBD::mysql::db do failed: Can't create database 'test1'; database exists at ./hmgr.pl line 63.
03:31:01 27-11-2016: WRN: Can't create database test1
Use of uninitialized value $cdbuser in concatenation (.) or string at ./hmgr.pl line 67.
DBD::mysql::db do failed: You have an error in your SQL syntax; check the manual that corresponds to your MySQL server version for the right syntax to use near '@'localhost' identified by dXJOzoxsTfWptx' at line 1 at ./hmgr.pl line 67.
Can't use an undefined value as a SCALAR reference at ./hmgr.pl line 67.
03:31:19 27-11-2016: Start
DBD::mysql::db do failed: Can't create database 'test1'; database exists at ./hmgr.pl line 63.
03:31:19 27-11-2016: WRN: Can't create database test1
Use of uninitialized value $cdbuser in concatenation (.) or string at ./hmgr.pl line 67.
DBD::mysql::db do failed: You have an error in your SQL syntax; check the manual that corresponds to your MySQL server version for the right syntax to use near '@'localhost' identified by O5MMvLOk6832e4' at line 1 at ./hmgr.pl line 67.
Can't use an undefined value as a SCALAR reference at ./hmgr.pl line 67.
03:31:53 27-11-2016: Start
DBD::mysql::db do failed: Can't create database 'test1'; database exists at ./hmgr.pl line 63.
03:31:53 27-11-2016: WRN: Can't create database test1
Use of uninitialized value $cdbuser in concatenation (.) or string at ./hmgr.pl line 67.
03:31:53 27-11-2016: End
03:32:27 27-11-2016: Start
DBD::mysql::db do failed: Can't create database 'test1'; database exists at ./hmgr.pl line 63.
03:32:27 27-11-2016: WRN: Can't create database test1
03:32:27 27-11-2016: End
03:32:59 27-11-2016: Start
DBD::mysql::db do failed: Can't create database 'test1'; database exists at ./hmgr.pl line 63.
03:32:59 27-11-2016: WRN: Can't create database test1
DBD::mysql::db do failed: Operation CREATE USER failed for 'tester'@'localhost' at ./hmgr.pl line 67.
Can't use string ("tester") as a SCALAR ref while "strict refs" in use at ./hmgr.pl line 67.
03:33:09 27-11-2016: Start
DBD::mysql::db do failed: Can't create database 'test1'; database exists at ./hmgr.pl line 63.
03:33:09 27-11-2016: WRN: Can't create database test1
DBD::mysql::db do failed: Operation CREATE USER failed for 'tester'@'localhost' at ./hmgr.pl line 67.
Can't use string ("tester") as a SCALAR ref while "strict refs" in use at ./hmgr.pl line 67.
03:33:11 27-11-2016: Start
DBD::mysql::db do failed: Can't create database 'test1'; database exists at ./hmgr.pl line 63.
03:33:11 27-11-2016: WRN: Can't create database test1
DBD::mysql::db do failed: Operation CREATE USER failed for 'tester'@'localhost' at ./hmgr.pl line 67.
Can't use string ("tester") as a SCALAR ref while "strict refs" in use at ./hmgr.pl line 67.
03:33:53 27-11-2016: Start
DBD::mysql::db do failed: Can't create database 'test1'; database exists at ./hmgr.pl line 63.
03:33:53 27-11-2016: WRN: Can't create database test1
DBD::mysql::db do failed: Operation CREATE USER failed for 'tester'@'localhost' at ./hmgr.pl line 67.
Can't use string ("tester") as a SCALAR ref while "strict refs" in use at ./hmgr.pl line 67.
03:42:06 27-11-2016: Start
DBD::mysql::db do failed: Can't create database 'test1'; database exists at ./hmgr.pl line 63.
03:42:06 27-11-2016: WRN: Can't create database test1
DBD::mysql::db do failed: Operation CREATE USER failed for 'tester'@'localhost' at ./hmgr.pl line 67.
Can't use string ("tester") as a SCALAR ref while "strict refs" in use at ./hmgr.pl line 67.
03:51:10 27-11-2016: Start
DBD::mysql::db do failed: Can't create database 'test1'; database exists at ./hmgr.pl line 63.
03:51:10 27-11-2016: WRN: Can't create database test1
DBD::mysql::db do failed: Operation CREATE USER failed for 'tester'@'localhost' at ./hmgr.pl line 67.
03:51:10 27-11-2016: WRN: Can't create user tester
DBD::mysql::db do failed: You have an error in your SQL syntax; check the manual that corresponds to your MySQL server version for the right syntax to use near 'from 'tester'@'localhost'' at line 1 at ./hmgr.pl line 71.
03:51:10 27-11-2016: WRN: Can't drop user tester
03:51:10 27-11-2016: End
03:52:04 27-11-2016: Start
DBD::mysql::db do failed: Can't create database 'test1'; database exists at ./hmgr.pl line 63.
03:52:04 27-11-2016: WRN: Can't create database test1
DBD::mysql::db do failed: Operation CREATE USER failed for 'tester'@'localhost' at ./hmgr.pl line 67.
03:52:04 27-11-2016: WRN: Can't create user tester
DBD::mysql::db do failed: You have an error in your SQL syntax; check the manual that corresponds to your MySQL server version for the right syntax to use near 'from 'tester'@'localhost'' at line 1 at ./hmgr.pl line 71.
03:52:04 27-11-2016: WRN: Can't grant on test1 for tester
03:52:04 27-11-2016: End
03:53:54 27-11-2016: Start
DBD::mysql::db do failed: Can't create database 'test1'; database exists at ./hmgr.pl line 63.
03:53:54 27-11-2016: WRN: Can't create database test1
DBD::mysql::db do failed: Operation CREATE USER failed for 'tester'@'localhost' at ./hmgr.pl line 67.
03:53:54 27-11-2016: WRN: Can't create user tester
03:53:54 27-11-2016: End
03:54:01 27-11-2016: Start
DBD::mysql::db do failed: Can't create database 'test1'; database exists at ./hmgr.pl line 63.
03:54:01 27-11-2016: WRN: Can't create database test1
DBD::mysql::db do failed: Operation CREATE USER failed for 'tester'@'localhost' at ./hmgr.pl line 67.
03:54:01 27-11-2016: WRN: Can't create user tester
03:54:01 27-11-2016: End
03:54:02 27-11-2016: Start
DBD::mysql::db do failed: Can't create database 'test1'; database exists at ./hmgr.pl line 63.
03:54:02 27-11-2016: WRN: Can't create database test1
DBD::mysql::db do failed: Operation CREATE USER failed for 'tester'@'localhost' at ./hmgr.pl line 67.
03:54:02 27-11-2016: WRN: Can't create user tester
03:54:02 27-11-2016: End
03:54:34 27-11-2016: Start
DBD::mysql::db do failed: Can't create database 'test1'; database exists at ./hmgr.pl line 63.
03:54:34 27-11-2016: WRN: Can't create database test1
DBD::mysql::db do failed: Operation CREATE USER failed for 'tester'@'localhost' at ./hmgr.pl line 67.
03:54:34 27-11-2016: WRN: Can't create user tester
DBD::mysql::db do failed: Operation DROP USER failed for 'tester'@'%' at ./hmgr.pl line 70.
03:54:34 27-11-2016: WRN: Can't drop user tester
03:54:34 27-11-2016: End
03:55:09 27-11-2016: Start
DBD::mysql::db do failed: Can't create database 'test1'; database exists at ./hmgr.pl line 63.
03:55:09 27-11-2016: WRN: Can't create database test1
DBD::mysql::db do failed: Operation CREATE USER failed for 'tester'@'localhost' at ./hmgr.pl line 67.
03:55:09 27-11-2016: WRN: Can't create user tester
03:55:09 27-11-2016: End
03:56:10 27-11-2016: Start
DBD::mysql::db do failed: Can't create database 'test1'; database exists at ./hmgr.pl line 63.
03:56:10 27-11-2016: WRN: Can't create database test1
DBD::mysql::db do failed: Operation CREATE USER failed for 'tester'@'localhost' at ./hmgr.pl line 67.
03:56:10 27-11-2016: WRN: Can't create user tester
03:56:10 27-11-2016: End
03:56:11 27-11-2016: Start
DBD::mysql::db do failed: Can't create database 'test1'; database exists at ./hmgr.pl line 63.
03:56:11 27-11-2016: WRN: Can't create database test1
DBD::mysql::db do failed: Operation CREATE USER failed for 'tester'@'localhost' at ./hmgr.pl line 67.
03:56:11 27-11-2016: WRN: Can't create user tester
03:56:11 27-11-2016: End
03:56:45 27-11-2016: Start
DBD::mysql::db do failed: Can't create database 'test1'; database exists at ./hmgr.pl line 63.
03:56:45 27-11-2016: WRN: Can't create database test1
DBD::mysql::db do failed: Operation CREATE USER failed for 'tester'@'localhost' at ./hmgr.pl line 67.
03:56:45 27-11-2016: WRN: Can't create user tester
03:56:45 27-11-2016: End
03:56:46 27-11-2016: Start
DBD::mysql::db do failed: Can't create database 'test1'; database exists at ./hmgr.pl line 63.
03:56:46 27-11-2016: WRN: Can't create database test1
DBD::mysql::db do failed: Operation CREATE USER failed for 'tester'@'localhost' at ./hmgr.pl line 67.
03:56:46 27-11-2016: WRN: Can't create user tester
03:56:46 27-11-2016: End
03:57:26 27-11-2016: Start
DBD::mysql::db do failed: Can't create database 'test1'; database exists at ./hmgr.pl line 63.
03:57:26 27-11-2016: WRN: Can't create database test1
DBD::mysql::db do failed: Operation CREATE USER failed for 'tester'@'localhost' at ./hmgr.pl line 67.
03:57:26 27-11-2016: WRN: Can't create user tester
03:57:26 27-11-2016: End
04:03:51 27-11-2016: Start
04:03:51 27-11-2016: End
04:03:53 27-11-2016: Start
04:03:53 27-11-2016: End
04:03:56 27-11-2016: Start
04:03:56 27-11-2016: End
04:04:00 27-11-2016: Start
04:04:00 27-11-2016: End
04:04:01 27-11-2016: Start
04:04:01 27-11-2016: End
04:04:54 27-11-2016: Start
04:04:54 27-11-2016: End
04:10:31 27-11-2016: Start
DBD::mysql::db do failed: Can't create database 'test1'; database exists at ./hmgr.pl line 60.
04:10:31 27-11-2016: WNG: Can't create database test1
DBD::mysql::db do failed: Operation CREATE USER failed for 'tester'@'localhost' at ./hmgr.pl line 64.
04:10:31 27-11-2016: WNG: Can't create user tester
04:10:31 27-11-2016: End
04:11:24 27-11-2016: Start
04:11:24 27-11-2016: End
04:13:02 27-11-2016: Start
04:13:02 27-11-2016: End
04:17:40 27-11-2016: Start
04:17:40 27-11-2016: End
04:17:43 27-11-2016: Start
04:17:43 27-11-2016: End
04:19:48 27-11-2016: Start
04:19:48 27-11-2016: End
04:19:49 27-11-2016: Start
04:19:49 27-11-2016: End
04:19:50 27-11-2016: Start
04:19:50 27-11-2016: End
